<?xml version="1.0" encoding="UTF-8"?>
<testng-results skipped="0" failed="1" total="1" passed="0">
  <reporter-output>
  </reporter-output>
  <suite name="Default suite" duration-ms="2495" started-at="2018-03-28T08:01:42Z" finished-at="2018-03-28T08:01:45Z">
    <groups>
    </groups>
    <test name="Default test" duration-ms="2495" started-at="2018-03-28T08:01:42Z" finished-at="2018-03-28T08:01:45Z">
      <class name="com.qa.tests.GETAPITest">
        <test-method status="PASS" signature="setUp()[pri:0, instance:com.qa.tests.GETAPITest@457e2f02]" name="setUp" is-config="true" duration-ms="13" started-at="2018-03-28T13:31:42Z" finished-at="2018-03-28T13:31:42Z">
          <reporter-output>
          </reporter-output>
        </test-method> <!-- setUp -->
        <test-method status="FAIL" signature="getAPITest()[pri:0, instance:com.qa.tests.GETAPITest@457e2f02]" name="getAPITest" duration-ms="2443" started-at="2018-03-28T13:31:42Z" finished-at="2018-03-28T13:31:45Z">
          <exception class="java.nio.charset.UnsupportedCharsetException">
            <message>
              <![CDATA[UFT-8]]>
            </message>
            <full-stacktrace>
              <![CDATA[java.nio.charset.UnsupportedCharsetException: UFT-8
	at java.nio.charset.Charset.forName(Charset.java:531)
	at org.apache.http.util.EntityUtils.toString(EntityUtils.java:290)
	at com.qa.client.RestClient.get(RestClient.java:29)
	at com.qa.tests.GETAPITest.getAPITest(GETAPITest.java:35)
	at sun.reflect.NativeMethodAccessorImpl.invoke0(Native Method)
	at sun.reflect.NativeMethodAccessorImpl.invoke(NativeMethodAccessorImpl.java:62)
	at sun.reflect.DelegatingMethodAccessorImpl.invoke(DelegatingMethodAccessorImpl.java:43)
	at java.lang.reflect.Method.invoke(Method.java:483)
	at org.testng.internal.MethodInvocationHelper.invokeMethod(MethodInvocationHelper.java:84)
	at org.testng.internal.Invoker.invokeMethod(Invoker.java:714)
	at org.testng.internal.Invoker.invokeTestMethod(Invoker.java:901)
	at org.testng.internal.Invoker.invokeTestMethods(Invoker.java:1231)
	at org.testng.internal.TestMethodWorker.invokeTestMethods(TestMethodWorker.java:127)
	at org.testng.internal.TestMethodWorker.run(TestMethodWorker.java:111)
	at org.testng.TestRunner.privateRun(TestRunner.java:767)
	at org.testng.TestRunner.run(TestRunner.java:617)
	at org.testng.SuiteRunner.runTest(SuiteRunner.java:348)
	at org.testng.SuiteRunner.runSequentially(SuiteRunner.java:343)
	at org.testng.SuiteRunner.privateRun(SuiteRunner.java:305)
	at org.testng.SuiteRunner.run(SuiteRunner.java:254)
	at org.testng.SuiteRunnerWorker.runSuite(SuiteRunnerWorker.java:52)
	at org.testng.SuiteRunnerWorker.run(SuiteRunnerWorker.java:86)
	at org.testng.TestNG.runSuitesSequentially(TestNG.java:1224)
	at org.testng.TestNG.runSuitesLocally(TestNG.java:1149)
	at org.testng.TestNG.run(TestNG.java:1057)
	at org.testng.remote.AbstractRemoteTestNG.run(AbstractRemoteTestNG.java:114)
	at org.testng.remote.RemoteTestNG.initAndRun(RemoteTestNG.java:251)
	at org.testng.remote.RemoteTestNG.main(RemoteTestNG.java:77)
]]>
            </full-stacktrace>
          </exception> <!-- java.nio.charset.UnsupportedCharsetException -->
          <reporter-output>
          </reporter-output>
        </test-method> <!-- getAPITest -->
      </class> <!-- com.qa.tests.GETAPITest -->
    </test> <!-- Default test -->
  </suite> <!-- Default suite -->
</testng-results>
